<?xml version="1.0" encoding="UTF-8"?>
<testng-results ignored="0" total="1" passed="1" failed="0" skipped="0">
  <reporter-output>
  </reporter-output>
  <suite started-at="2025-01-02T20:21:05 IST" name="Surefire suite" finished-at="2025-01-02T20:21:05 IST" duration-ms="61">
    <groups>
    </groups>
    <test started-at="2025-01-02T20:21:05 IST" name="Surefire test" finished-at="2025-01-02T20:21:05 IST" duration-ms="61">
      <class name="com.WA.WhatsAppAutomationTest">
        <test-method signature="testLastMessageRetrieval()[pri:0, instance:com.WA.WhatsAppAutomationTest@5d740a0f]" started-at="2025-01-02T20:21:05 IST" name="testLastMessageRetrieval" finished-at="2025-01-02T20:21:05 IST" duration-ms="7" status="PASS">
          <reporter-output>
          </reporter-output>
        </test-method> <!-- testLastMessageRetrieval -->
      </class> <!-- com.WA.WhatsAppAutomationTest -->
    </test> <!-- Surefire test -->
  </suite> <!-- Surefire suite -->
</testng-results>
